Using pre-set license
Built from '2020.2/release' branch; Version is '2020.2.2f1 (068178b99f32) revision 426360'; Using compiler version '192528614'; Build Type 'Release'
OS: 'Windows 10 Home; OS build 18363.1316; Version 1909; 64bit' Language: 'en' Physical Memory: 16178 MB
BatchMode: 1, IsHumanControllingUs: 0, StartBugReporterOnCrash: 0, Is64bit: 1, IsPro: 0

 COMMAND LINE ARGUMENTS:
C:\Program Files\2020.2.2f1\Editor\Unity.exe
-adb2
-batchMode
-noUpm
-name
AssetImportWorker0
-projectPath
C:/Users/pjhoo/OneDrive/Documents/GitHub/Absorber/Absorber/Absorber
-logFile
Logs/AssetImportWorker0.log
-srvPort
49897
Successfully changed project path to: C:/Users/pjhoo/OneDrive/Documents/GitHub/Absorber/Absorber/Absorber
C:/Users/pjhoo/OneDrive/Documents/GitHub/Absorber/Absorber/Absorber
Using Asset Import Pipeline V2.
Refreshing native plugins compatible for Editor in 58.09 ms, found 0 plugins.
Preloading 0 native plugins for Editor in 0.00 ms.
Initialize engine version: 2020.2.2f1 (068178b99f32)
[Subsystems] Discovering subsystems at path C:/Program Files/2020.2.2f1/Editor/Data/Resources/UnitySubsystems
[Subsystems] Discovering subsystems at path C:/Users/pjhoo/OneDrive/Documents/GitHub/Absorber/Absorber/Absorber/Assets
GfxDevice: creating device client; threaded=0
Direct3D:
    Version:  Direct3D 11.0 [level 11.1]
    Renderer: NVIDIA GeForce GTX 1060 with Max-Q Design (ID=0x1c20)
    Vendor:   
    VRAM:     6052 MB
    Driver:   27.21.14.5167
Initialize mono
Mono path[0] = 'C:/Program Files/2020.2.2f1/Editor/Data/Managed'
Mono path[1] = 'C:/Program Files/2020.2.2f1/Editor/Data/MonoBleedingEdge/lib/mono/unityjit'
Mono config path = 'C:/Program Files/2020.2.2f1/Editor/Data/MonoBleedingEdge/etc'
Using monoOptions --debugger-agent=transport=dt_socket,embedding=1,server=y,suspend=n,address=127.0.0.1:56216
Begin MonoManager ReloadAssembly
Registering precompiled unity dll's ...
Register platform support module: C:/Program Files/2020.2.2f1/Editor/Data/PlaybackEngines/WindowsStandaloneSupport/UnityEditor.WindowsStandalone.Extensions.dll
Registered in 0.002525 seconds.
Native extension for WindowsStandalone target not found
Refreshing native plugins compatible for Editor in 75.10 ms, found 0 plugins.
Preloading 0 native plugins for Editor in 0.00 ms.
Invoked RoslynAnalysisRunner static constructor.
RoslynAnalysisRunner will not be running.
RoslynAnalysisRunner has terminated.
Mono: successfully reloaded assembly
- Completed reload, in  1.430 seconds
Platform modules already initialized, skipping
Registering precompiled user dll's ...
Registered in 0.008648 seconds.
Begin MonoManager ReloadAssembly
Native extension for WindowsStandalone target not found
Refreshing native plugins compatible for Editor in 64.14 ms, found 0 plugins.
Preloading 0 native plugins for Editor in 0.00 ms.
Invoked RoslynAnalysisRunner static constructor.
RoslynAnalysisRunner will not be running.
RoslynAnalysisRunner has terminated.
Mono: successfully reloaded assembly
- Completed reload, in  1.310 seconds
Platform modules already initialized, skipping
========================================================================
Worker process is ready to serve import requests
Launched and connected shader compiler UnityShaderCompiler.exe after 0.06 seconds
Refreshing native plugins compatible for Editor in 0.64 ms, found 0 plugins.
Preloading 0 native plugins for Editor in 0.00 ms.
Unloading 2227 Unused Serialized files (Serialized files now loaded: 0)
System memory in use before: 90.2 MB.
System memory in use after: 90.3 MB.

Unloading 28 unused Assets to reduce memory usage. Loaded Objects now: 2675.
Total: 2.129200 ms (FindLiveObjects: 0.197900 ms CreateObjectMapping: 0.087600 ms MarkObjects: 1.744900 ms  DeleteObjects: 0.097500 ms)

========================================================================
Received Import Request.
  path: Assets/InputSystem.inputsettings.asset
  artifactKey: Guid(842b13670bc14504caa0321e6e5c0961) Importer(815301076,1909f56bfc062723c751e8b465ee728b)
Start importing Assets/InputSystem.inputsettings.asset using Guid(842b13670bc14504caa0321e6e5c0961) Importer(815301076,1909f56bfc062723c751e8b465ee728b)  -> (artifact id: '30b7f9666959f05d9a02972ed5b7975f') in 0.051928 seconds
  Import took 0.056861 seconds .

========================================================================
Received Import Request.
  Time since last request: 285.518839 seconds.
  path: Assets/Game/CustomInput/ButtonStates.cs
  artifactKey: Guid(a1a9ee209fd0df14db009a6ca1b2acbe) Importer(815301076,1909f56bfc062723c751e8b465ee728b)
Start importing Assets/Game/CustomInput/ButtonStates.cs using Guid(a1a9ee209fd0df14db009a6ca1b2acbe) Importer(815301076,1909f56bfc062723c751e8b465ee728b)  -> (artifact id: '231aab7c149f42a3bb10a73d32187c2d') in 0.015607 seconds
  Import took 0.021301 seconds .

========================================================================
Received Import Request.
  Time since last request: 0.001045 seconds.
  path: Assets/Game/CustomInput/ButtonStates.cs
  artifactKey: Guid(a1a9ee209fd0df14db009a6ca1b2acbe) Importer(815301076,1909f56bfc062723c751e8b465ee728b)
Start importing Assets/Game/CustomInput/ButtonStates.cs using Guid(a1a9ee209fd0df14db009a6ca1b2acbe) Importer(815301076,1909f56bfc062723c751e8b465ee728b)  -> (artifact id: '231aab7c149f42a3bb10a73d32187c2d') in 0.003787 seconds
  Import took 0.008058 seconds .

========================================================================
Received Import Request.
  Time since last request: 0.478664 seconds.
  path: Assets/Game/CustomInput/InputBuffer.cs
  artifactKey: Guid(50a8df484504ce24db9235f5152768a3) Importer(815301076,1909f56bfc062723c751e8b465ee728b)
Start importing Assets/Game/CustomInput/InputBuffer.cs using Guid(50a8df484504ce24db9235f5152768a3) Importer(815301076,1909f56bfc062723c751e8b465ee728b)  -> (artifact id: '0847ec7463a2f280815de51d3458a039') in 0.008715 seconds
  Import took 0.012453 seconds .

========================================================================
Received Import Request.
  Time since last request: 0.001749 seconds.
  path: Assets/Game/CustomInput/InputBuffer.cs
  artifactKey: Guid(50a8df484504ce24db9235f5152768a3) Importer(815301076,1909f56bfc062723c751e8b465ee728b)
Start importing Assets/Game/CustomInput/InputBuffer.cs using Guid(50a8df484504ce24db9235f5152768a3) Importer(815301076,1909f56bfc062723c751e8b465ee728b)  -> (artifact id: '0847ec7463a2f280815de51d3458a039') in 0.003282 seconds
  Import took 0.007481 seconds .

========================================================================
Received Import Request.
  Time since last request: 103.820765 seconds.
  path: Assets/Game/Modules
  artifactKey: Guid(84faf2ca15a073b45b1f9d39dbf9b719) Importer(815301076,1909f56bfc062723c751e8b465ee728b)
Start importing Assets/Game/Modules using Guid(84faf2ca15a073b45b1f9d39dbf9b719) Importer(815301076,1909f56bfc062723c751e8b465ee728b)  -> (artifact id: '94ad3c089d251a19137158191ee44446') in 0.007883 seconds
  Import took 0.011181 seconds .

========================================================================
Received Import Request.
  Time since last request: 2.248587 seconds.
  path: Assets/Game/Modules/CustomInputModule.cs
  artifactKey: Guid(970b1726aee674f4399a04261cae3ebd) Importer(815301076,1909f56bfc062723c751e8b465ee728b)
Start importing Assets/Game/Modules/CustomInputModule.cs using Guid(970b1726aee674f4399a04261cae3ebd) Importer(815301076,1909f56bfc062723c751e8b465ee728b)  -> (artifact id: '4dc2f6ce039b97bc518f397ba332ad3a') in 0.007424 seconds
  Import took 0.010532 seconds .

========================================================================
Received Prepare
Registering precompiled user dll's ...
Registered in 0.005971 seconds.
Begin MonoManager ReloadAssembly
Native extension for WindowsStandalone target not found
Refreshing native plugins compatible for Editor in 0.43 ms, found 0 plugins.
Preloading 0 native plugins for Editor in 0.00 ms.
Invoked RoslynAnalysisRunner static constructor.
RoslynAnalysisRunner will not be running.
RoslynAnalysisRunner has terminated.
Mono: successfully reloaded assembly
- Completed reload, in  1.069 seconds
Platform modules already initialized, skipping
Refreshing native plugins compatible for Editor in 0.41 ms, found 0 plugins.
Preloading 0 native plugins for Editor in 0.00 ms.
Unloading 2218 Unused Serialized files (Serialized files now loaded: 0)
System memory in use before: 90.2 MB.
System memory in use after: 90.3 MB.

Unloading 18 unused Assets to reduce memory usage. Loaded Objects now: 2677.
Total: 1.801900 ms (FindLiveObjects: 0.210300 ms CreateObjectMapping: 0.090000 ms MarkObjects: 1.483400 ms  DeleteObjects: 0.017100 ms)

========================================================================
Received Prepare
Registering precompiled user dll's ...
Registered in 0.005617 seconds.
Begin MonoManager ReloadAssembly
Native extension for WindowsStandalone target not found
Refreshing native plugins compatible for Editor in 0.40 ms, found 0 plugins.
Preloading 0 native plugins for Editor in 0.00 ms.
Invoked RoslynAnalysisRunner static constructor.
RoslynAnalysisRunner will not be running.
RoslynAnalysisRunner has terminated.
Mono: successfully reloaded assembly
- Completed reload, in  0.868 seconds
Platform modules already initialized, skipping
Refreshing native plugins compatible for Editor in 0.40 ms, found 0 plugins.
Preloading 0 native plugins for Editor in 0.00 ms.
Unloading 2218 Unused Serialized files (Serialized files now loaded: 0)
System memory in use before: 90.4 MB.
System memory in use after: 90.5 MB.

Unloading 18 unused Assets to reduce memory usage. Loaded Objects now: 2679.
Total: 1.642900 ms (FindLiveObjects: 0.209100 ms CreateObjectMapping: 0.090200 ms MarkObjects: 1.326900 ms  DeleteObjects: 0.015900 ms)

AssetImportWorkerClient::OnTransportError - code=2 error=End of file
